<?xml version="1.0" encoding="UTF-8"?>
<!-- Generated by org.testng.reporters.JUnitReportReporter -->
<testsuite hostname="SL-TRAINER-CR4" failures="0" tests="1" name="mavenforjenkins.UITest" time="11.828" errors="0" timestamp="2025-04-30T11:38:30 IST" skipped="0">
  <testcase classname="mavenforjenkins.UITest" name="startBrowser" time="11.828"/>
  <system-out/>
</testsuite> <!-- mavenforjenkins.UITest -->
